<?xml version="1.0" encoding="UTF-8"?>
<testng-results ignored="0" total="4" passed="4" failed="0" skipped="0">
  <reporter-output>
  </reporter-output>
  <suite started-at="2020-11-16T23:00:57 IST" name="Suite" finished-at="2020-11-16T23:01:48 IST" duration-ms="51527">
    <groups>
    </groups>
    <test started-at="2020-11-16T23:00:57 IST" name="validating user login" finished-at="2020-11-16T23:01:25 IST" duration-ms="27847">
      <class name="preview.croydon.Homepage">
        <test-method is-config="true" signature="initialize()[pri:0, instance:preview.croydon.Homepage@865dd6]" started-at="2020-11-16T23:00:57 IST" name="initialize" finished-at="2020-11-16T23:01:05 IST" duration-ms="7935" status="PASS">
          <reporter-output>
          </reporter-output>
        </test-method> <!-- initialize -->
        <test-method signature="basePageNavigation(java.lang.String, java.lang.String, java.lang.String)[pri:0, instance:preview.croydon.Homepage@865dd6]" started-at="2020-11-16T23:01:05 IST" name="basePageNavigation" data-provider="getData" finished-at="2020-11-16T23:01:19 IST" duration-ms="13866" status="PASS">
          <params>
            <param index="0">
              <value>
                <![CDATA[sumesh@hexwhale.com]]>
              </value>
            </param>
            <param index="1">
              <value>
                <![CDATA[123456789]]>
              </value>
            </param>
            <param index="2">
              <value>
                <![CDATA[Restricted user]]>
              </value>
            </param>
          </params>
          <reporter-output>
          </reporter-output>
        </test-method> <!-- basePageNavigation -->
        <test-method signature="basePageNavigation(java.lang.String, java.lang.String, java.lang.String)[pri:0, instance:preview.croydon.Homepage@865dd6]" started-at="2020-11-16T23:01:19 IST" name="basePageNavigation" data-provider="getData" finished-at="2020-11-16T23:01:25 IST" duration-ms="5773" status="PASS">
          <params>
            <param index="0">
              <value>
                <![CDATA[sumesh@hexwhale.com]]>
              </value>
            </param>
            <param index="1">
              <value>
                <![CDATA[12345678]]>
              </value>
            </param>
            <param index="2">
              <value>
                <![CDATA[valid user]]>
              </value>
            </param>
          </params>
          <reporter-output>
          </reporter-output>
        </test-method> <!-- basePageNavigation -->
        <test-method is-config="true" signature="teardown()[pri:0, instance:preview.croydon.Homepage@865dd6]" started-at="2020-11-16T23:01:25 IST" name="teardown" finished-at="2020-11-16T23:01:25 IST" duration-ms="176" status="PASS">
          <reporter-output>
          </reporter-output>
        </test-method> <!-- teardown -->
      </class> <!-- preview.croydon.Homepage -->
    </test> <!-- validating user login -->
    <test started-at="2020-11-16T23:01:25 IST" name="Validating Title in the page" finished-at="2020-11-16T23:01:37 IST" duration-ms="11907">
      <class name="preview.croydon.ValidateTitle">
        <test-method is-config="true" signature="initialize()[pri:0, instance:preview.croydon.ValidateTitle@29e495ff]" started-at="2020-11-16T23:01:25 IST" name="initialize" finished-at="2020-11-16T23:01:37 IST" duration-ms="11688" status="PASS">
          <reporter-output>
          </reporter-output>
        </test-method> <!-- initialize -->
        <test-method signature="basePageNaavigation()[pri:0, instance:preview.croydon.ValidateTitle@29e495ff]" started-at="2020-11-16T23:01:37 IST" name="basePageNaavigation" finished-at="2020-11-16T23:01:37 IST" duration-ms="90" status="PASS">
          <reporter-output>
          </reporter-output>
        </test-method> <!-- basePageNaavigation -->
        <test-method is-config="true" signature="teardown()[pri:0, instance:preview.croydon.ValidateTitle@29e495ff]" started-at="2020-11-16T23:01:37 IST" name="teardown" finished-at="2020-11-16T23:01:37 IST" duration-ms="122" status="PASS">
          <reporter-output>
          </reporter-output>
        </test-method> <!-- teardown -->
      </class> <!-- preview.croydon.ValidateTitle -->
    </test> <!-- Validating Title in the page -->
    <test started-at="2020-11-16T23:01:37 IST" name="Validating Navigationbarin the page" finished-at="2020-11-16T23:01:48 IST" duration-ms="11430">
      <class name="preview.croydon.ValidateNavigationbar">
        <test-method is-config="true" signature="initialize()[pri:0, instance:preview.croydon.ValidateNavigationbar@272ed83b]" started-at="2020-11-16T23:01:37 IST" name="initialize" finished-at="2020-11-16T23:01:48 IST" duration-ms="11228" status="PASS">
          <reporter-output>
          </reporter-output>
        </test-method> <!-- initialize -->
        <test-method signature="basePageNaavigation()[pri:0, instance:preview.croydon.ValidateNavigationbar@272ed83b]" started-at="2020-11-16T23:01:48 IST" name="basePageNaavigation" finished-at="2020-11-16T23:01:48 IST" duration-ms="98" status="PASS">
          <reporter-output>
          </reporter-output>
        </test-method> <!-- basePageNaavigation -->
        <test-method is-config="true" signature="teardown()[pri:0, instance:preview.croydon.ValidateNavigationbar@272ed83b]" started-at="2020-11-16T23:01:48 IST" name="teardown" finished-at="2020-11-16T23:01:48 IST" duration-ms="97" status="PASS">
          <reporter-output>
          </reporter-output>
        </test-method> <!-- teardown -->
      </class> <!-- preview.croydon.ValidateNavigationbar -->
    </test> <!-- Validating Navigationbarin the page -->
  </suite> <!-- Suite -->
</testng-results>
