<?xml version="1.0" encoding="UTF-8"?>
<!-- Generated by org.testng.reporters.JUnitXMLReporter -->
<testsuite ignored="0" hostname="DESKTOP-DV0VD23" failures="0" tests="4" name="Test" time="90.656" errors="0" timestamp="2020-11-16T22:19:36 IST">
  <testcase classname="preview.croydon.Homepage" name="basePageNavigation" time="21.813"/>
  <testcase classname="preview.croydon.Homepage" name="basePageNavigation" time="15.169"/>
  <testcase classname="preview.croydon.ValidateTitle" name="basePageNaavigation" time="0.215"/>
  <testcase classname="preview.croydon.ValidateNavigationbar" name="basePageNaavigation" time="0.147"/>
</testsuite> <!-- Test -->
